[INFO ] 2020-10-20 08:06:13,934 com.qa.hrm.Tests.HomePageTest – Homepage Title captured as GTPL Bank Manager HomePage
[DEBUG] 2020-10-20 08:06:14,004 com.qa.hrm.Tests.HomePageTest – Homepage Title captured as GTPL Bank Manager HomePage
[DEBUG] 2020-10-20 08:06:27,708 freemarker.cache – Couldn't find template in cache for "spark/spark.spa.ftl"("en_IN", UTF-8, parsed); will try to load it.
[DEBUG] 2020-10-20 08:06:27,709 freemarker.cache – TemplateLoader.findTemplateSource("spark/spark.spa_en_IN.ftl"): Not found
[DEBUG] 2020-10-20 08:06:27,711 freemarker.cache – TemplateLoader.findTemplateSource("spark/spark.spa_en.ftl"): Not found
[DEBUG] 2020-10-20 08:06:27,746 freemarker.cache – TemplateLoader.findTemplateSource("spark/spark.spa.ftl"): Found
[DEBUG] 2020-10-20 08:06:27,746 freemarker.cache – Loading template for "spark/spark.spa.ftl"("en_IN", UTF-8, parsed) from "jar:file:/C:/Users/sreen/.m2/repository/com/aventstack/extentreports/5.0.4/extentreports-5.0.4.jar!/com/aventstack/extentreports/templates/spark/spark.spa.ftl"
[DEBUG] 2020-10-20 08:06:28,780 freemarker.cache – Couldn't find template in cache for "commons/commons-variables.ftl"("en_IN", UTF-8, parsed); will try to load it.
[DEBUG] 2020-10-20 08:06:28,781 freemarker.cache – TemplateLoader.findTemplateSource("commons/commons-variables_en_IN.ftl"): Not found
[DEBUG] 2020-10-20 08:06:28,782 freemarker.cache – TemplateLoader.findTemplateSource("commons/commons-variables_en.ftl"): Not found
[DEBUG] 2020-10-20 08:06:28,782 freemarker.cache – TemplateLoader.findTemplateSource("commons/commons-variables.ftl"): Found
[DEBUG] 2020-10-20 08:06:28,783 freemarker.cache – Loading template for "commons/commons-variables.ftl"("en_IN", UTF-8, parsed) from "jar:file:/C:/Users/sreen/.m2/repository/com/aventstack/extentreports/5.0.4/extentreports-5.0.4.jar!/com/aventstack/extentreports/templates/commons/commons-variables.ftl"
[DEBUG] 2020-10-20 08:06:30,650 freemarker.cache – Couldn't find template in cache for "commons/commons-macros.ftl"("en_IN", UTF-8, parsed); will try to load it.
[DEBUG] 2020-10-20 08:06:30,652 freemarker.cache – TemplateLoader.findTemplateSource("commons/commons-macros_en_IN.ftl"): Not found
[DEBUG] 2020-10-20 08:06:30,652 freemarker.cache – TemplateLoader.findTemplateSource("commons/commons-macros_en.ftl"): Not found
[DEBUG] 2020-10-20 08:06:30,653 freemarker.cache – TemplateLoader.findTemplateSource("commons/commons-macros.ftl"): Found
[DEBUG] 2020-10-20 08:06:30,655 freemarker.cache – Loading template for "commons/commons-macros.ftl"("en_IN", UTF-8, parsed) from "jar:file:/C:/Users/sreen/.m2/repository/com/aventstack/extentreports/5.0.4/extentreports-5.0.4.jar!/com/aventstack/extentreports/templates/commons/commons-macros.ftl"
[DEBUG] 2020-10-20 08:06:30,679 freemarker.cache – Couldn't find template in cache for "spark/macros/attributes.ftl"("en_IN", UTF-8, parsed); will try to load it.
[DEBUG] 2020-10-20 08:06:30,680 freemarker.cache – TemplateLoader.findTemplateSource("spark/macros/attributes_en_IN.ftl"): Not found
[DEBUG] 2020-10-20 08:06:30,681 freemarker.cache – TemplateLoader.findTemplateSource("spark/macros/attributes_en.ftl"): Not found
[DEBUG] 2020-10-20 08:06:30,681 freemarker.cache – TemplateLoader.findTemplateSource("spark/macros/attributes.ftl"): Found
[DEBUG] 2020-10-20 08:06:30,683 freemarker.cache – Loading template for "spark/macros/attributes.ftl"("en_IN", UTF-8, parsed) from "jar:file:/C:/Users/sreen/.m2/repository/com/aventstack/extentreports/5.0.4/extentreports-5.0.4.jar!/com/aventstack/extentreports/templates/spark/macros/attributes.ftl"
[DEBUG] 2020-10-20 08:06:30,699 freemarker.cache – Couldn't find template in cache for "spark/macros/log.ftl"("en_IN", UTF-8, parsed); will try to load it.
[DEBUG] 2020-10-20 08:06:30,699 freemarker.cache – TemplateLoader.findTemplateSource("spark/macros/log_en_IN.ftl"): Not found
[DEBUG] 2020-10-20 08:06:30,700 freemarker.cache – TemplateLoader.findTemplateSource("spark/macros/log_en.ftl"): Not found
[DEBUG] 2020-10-20 08:06:30,701 freemarker.cache – TemplateLoader.findTemplateSource("spark/macros/log.ftl"): Found
[DEBUG] 2020-10-20 08:06:30,701 freemarker.cache – Loading template for "spark/macros/log.ftl"("en_IN", UTF-8, parsed) from "jar:file:/C:/Users/sreen/.m2/repository/com/aventstack/extentreports/5.0.4/extentreports-5.0.4.jar!/com/aventstack/extentreports/templates/spark/macros/log.ftl"
[DEBUG] 2020-10-20 08:06:30,706 freemarker.cache – Couldn't find template in cache for "spark/macros/recurse_nodes.ftl"("en_IN", UTF-8, parsed); will try to load it.
[DEBUG] 2020-10-20 08:06:30,706 freemarker.cache – TemplateLoader.findTemplateSource("spark/macros/recurse_nodes_en_IN.ftl"): Not found
[DEBUG] 2020-10-20 08:06:30,708 freemarker.cache – TemplateLoader.findTemplateSource("spark/macros/recurse_nodes_en.ftl"): Not found
[DEBUG] 2020-10-20 08:06:30,708 freemarker.cache – TemplateLoader.findTemplateSource("spark/macros/recurse_nodes.ftl"): Found
[DEBUG] 2020-10-20 08:06:30,709 freemarker.cache – Loading template for "spark/macros/recurse_nodes.ftl"("en_IN", UTF-8, parsed) from "jar:file:/C:/Users/sreen/.m2/repository/com/aventstack/extentreports/5.0.4/extentreports-5.0.4.jar!/com/aventstack/extentreports/templates/spark/macros/recurse_nodes.ftl"
[DEBUG] 2020-10-20 08:06:30,713 freemarker.cache – "spark/macros/log.ftl"("en_IN", UTF-8, parsed) cached copy not yet stale; using cached.
[DEBUG] 2020-10-20 08:06:30,713 freemarker.cache – Couldn't find template in cache for "spark/macros/attr-common.ftl"("en_IN", UTF-8, parsed); will try to load it.
[DEBUG] 2020-10-20 08:06:30,714 freemarker.cache – TemplateLoader.findTemplateSource("spark/macros/attr-common_en_IN.ftl"): Not found
[DEBUG] 2020-10-20 08:06:30,717 freemarker.cache – TemplateLoader.findTemplateSource("spark/macros/attr-common_en.ftl"): Not found
[DEBUG] 2020-10-20 08:06:30,717 freemarker.cache – TemplateLoader.findTemplateSource("spark/macros/attr-common.ftl"): Found
[DEBUG] 2020-10-20 08:06:30,718 freemarker.cache – Loading template for "spark/macros/attr-common.ftl"("en_IN", UTF-8, parsed) from "jar:file:/C:/Users/sreen/.m2/repository/com/aventstack/extentreports/5.0.4/extentreports-5.0.4.jar!/com/aventstack/extentreports/templates/spark/macros/attr-common.ftl"
[DEBUG] 2020-10-20 08:06:30,728 freemarker.cache – Couldn't find template in cache for "spark/partials/head.ftl"("en_IN", UTF-8, parsed); will try to load it.
[DEBUG] 2020-10-20 08:06:30,729 freemarker.cache – TemplateLoader.findTemplateSource("spark/partials/head_en_IN.ftl"): Not found
[DEBUG] 2020-10-20 08:06:30,730 freemarker.cache – TemplateLoader.findTemplateSource("spark/partials/head_en.ftl"): Not found
[DEBUG] 2020-10-20 08:06:30,732 freemarker.cache – TemplateLoader.findTemplateSource("spark/partials/head.ftl"): Found
[DEBUG] 2020-10-20 08:06:30,733 freemarker.cache – Loading template for "spark/partials/head.ftl"("en_IN", UTF-8, parsed) from "jar:file:/C:/Users/sreen/.m2/repository/com/aventstack/extentreports/5.0.4/extentreports-5.0.4.jar!/com/aventstack/extentreports/templates/spark/partials/head.ftl"
[DEBUG] 2020-10-20 08:06:30,757 freemarker.cache – Couldn't find template in cache for "commons/commons-inject-css.ftl"("en_IN", UTF-8, parsed); will try to load it.
[DEBUG] 2020-10-20 08:06:30,760 freemarker.cache – TemplateLoader.findTemplateSource("commons/commons-inject-css_en_IN.ftl"): Not found
[DEBUG] 2020-10-20 08:06:30,762 freemarker.cache – TemplateLoader.findTemplateSource("commons/commons-inject-css_en.ftl"): Not found
[DEBUG] 2020-10-20 08:06:30,764 freemarker.cache – TemplateLoader.findTemplateSource("commons/commons-inject-css.ftl"): Found
[DEBUG] 2020-10-20 08:06:30,765 freemarker.cache – Loading template for "commons/commons-inject-css.ftl"("en_IN", UTF-8, parsed) from "jar:file:/C:/Users/sreen/.m2/repository/com/aventstack/extentreports/5.0.4/extentreports-5.0.4.jar!/com/aventstack/extentreports/templates/commons/commons-inject-css.ftl"
[DEBUG] 2020-10-20 08:06:30,767 freemarker.cache – Couldn't find template in cache for "spark/partials/navbar.ftl"("en_IN", UTF-8, parsed); will try to load it.
[DEBUG] 2020-10-20 08:06:30,768 freemarker.cache – TemplateLoader.findTemplateSource("spark/partials/navbar_en_IN.ftl"): Not found
[DEBUG] 2020-10-20 08:06:30,772 freemarker.cache – TemplateLoader.findTemplateSource("spark/partials/navbar_en.ftl"): Not found
[DEBUG] 2020-10-20 08:06:30,773 freemarker.cache – TemplateLoader.findTemplateSource("spark/partials/navbar.ftl"): Found
[DEBUG] 2020-10-20 08:06:30,774 freemarker.cache – Loading template for "spark/partials/navbar.ftl"("en_IN", UTF-8, parsed) from "jar:file:/C:/Users/sreen/.m2/repository/com/aventstack/extentreports/5.0.4/extentreports-5.0.4.jar!/com/aventstack/extentreports/templates/spark/partials/navbar.ftl"
[DEBUG] 2020-10-20 08:06:30,846 freemarker.cache – Couldn't find template in cache for "spark/partials/sidenav.ftl"("en_IN", UTF-8, parsed); will try to load it.
[DEBUG] 2020-10-20 08:06:30,846 freemarker.cache – TemplateLoader.findTemplateSource("spark/partials/sidenav_en_IN.ftl"): Not found
[DEBUG] 2020-10-20 08:06:30,847 freemarker.cache – TemplateLoader.findTemplateSource("spark/partials/sidenav_en.ftl"): Not found
[DEBUG] 2020-10-20 08:06:30,848 freemarker.cache – TemplateLoader.findTemplateSource("spark/partials/sidenav.ftl"): Found
[DEBUG] 2020-10-20 08:06:30,848 freemarker.cache – Loading template for "spark/partials/sidenav.ftl"("en_IN", UTF-8, parsed) from "jar:file:/C:/Users/sreen/.m2/repository/com/aventstack/extentreports/5.0.4/extentreports-5.0.4.jar!/com/aventstack/extentreports/templates/spark/partials/sidenav.ftl"
[DEBUG] 2020-10-20 08:06:30,873 freemarker.cache – Couldn't find template in cache for "spark/partials/test.ftl"("en_IN", UTF-8, parsed); will try to load it.
[DEBUG] 2020-10-20 08:06:30,874 freemarker.cache – TemplateLoader.findTemplateSource("spark/partials/test_en_IN.ftl"): Not found
[DEBUG] 2020-10-20 08:06:30,875 freemarker.cache – TemplateLoader.findTemplateSource("spark/partials/test_en.ftl"): Not found
[DEBUG] 2020-10-20 08:06:30,876 freemarker.cache – TemplateLoader.findTemplateSource("spark/partials/test.ftl"): Found
[DEBUG] 2020-10-20 08:06:30,877 freemarker.cache – Loading template for "spark/partials/test.ftl"("en_IN", UTF-8, parsed) from "jar:file:/C:/Users/sreen/.m2/repository/com/aventstack/extentreports/5.0.4/extentreports-5.0.4.jar!/com/aventstack/extentreports/templates/spark/partials/test.ftl"
[DEBUG] 2020-10-20 08:06:30,907 freemarker.cache – Couldn't find template in cache for "spark/partials/standard-content.ftl"("en_IN", UTF-8, parsed); will try to load it.
[DEBUG] 2020-10-20 08:06:30,908 freemarker.cache – TemplateLoader.findTemplateSource("spark/partials/standard-content_en_IN.ftl"): Not found
[DEBUG] 2020-10-20 08:06:30,909 freemarker.cache – TemplateLoader.findTemplateSource("spark/partials/standard-content_en.ftl"): Not found
[DEBUG] 2020-10-20 08:06:30,910 freemarker.cache – TemplateLoader.findTemplateSource("spark/partials/standard-content.ftl"): Found
[DEBUG] 2020-10-20 08:06:30,911 freemarker.cache – Loading template for "spark/partials/standard-content.ftl"("en_IN", UTF-8, parsed) from "jar:file:/C:/Users/sreen/.m2/repository/com/aventstack/extentreports/5.0.4/extentreports-5.0.4.jar!/com/aventstack/extentreports/templates/spark/partials/standard-content.ftl"
[DEBUG] 2020-10-20 08:06:30,919 freemarker.cache – "spark/partials/standard-content.ftl"("en_IN", UTF-8, parsed) cached copy not yet stale; using cached.
[DEBUG] 2020-10-20 08:06:30,920 freemarker.cache – "spark/partials/standard-content.ftl"("en_IN", UTF-8, parsed) cached copy not yet stale; using cached.
[DEBUG] 2020-10-20 08:06:30,923 freemarker.cache – "spark/partials/standard-content.ftl"("en_IN", UTF-8, parsed) cached copy not yet stale; using cached.
[DEBUG] 2020-10-20 08:06:30,926 freemarker.cache – "spark/partials/standard-content.ftl"("en_IN", UTF-8, parsed) cached copy not yet stale; using cached.
[DEBUG] 2020-10-20 08:06:30,927 freemarker.cache – "spark/partials/standard-content.ftl"("en_IN", UTF-8, parsed) cached copy not yet stale; using cached.
[DEBUG] 2020-10-20 08:06:30,928 freemarker.cache – Couldn't find template in cache for "spark/partials/exception.ftl"("en_IN", UTF-8, parsed); will try to load it.
[DEBUG] 2020-10-20 08:06:30,928 freemarker.cache – TemplateLoader.findTemplateSource("spark/partials/exception_en_IN.ftl"): Not found
[DEBUG] 2020-10-20 08:06:30,931 freemarker.cache – TemplateLoader.findTemplateSource("spark/partials/exception_en.ftl"): Not found
[DEBUG] 2020-10-20 08:06:30,932 freemarker.cache – TemplateLoader.findTemplateSource("spark/partials/exception.ftl"): Found
[DEBUG] 2020-10-20 08:06:30,932 freemarker.cache – Loading template for "spark/partials/exception.ftl"("en_IN", UTF-8, parsed) from "jar:file:/C:/Users/sreen/.m2/repository/com/aventstack/extentreports/5.0.4/extentreports-5.0.4.jar!/com/aventstack/extentreports/templates/spark/partials/exception.ftl"
[DEBUG] 2020-10-20 08:06:30,935 freemarker.cache – Couldn't find template in cache for "spark/partials/category.ftl"("en_IN", UTF-8, parsed); will try to load it.
[DEBUG] 2020-10-20 08:06:30,935 freemarker.cache – TemplateLoader.findTemplateSource("spark/partials/category_en_IN.ftl"): Not found
[DEBUG] 2020-10-20 08:06:30,936 freemarker.cache – TemplateLoader.findTemplateSource("spark/partials/category_en.ftl"): Not found
[DEBUG] 2020-10-20 08:06:30,937 freemarker.cache – TemplateLoader.findTemplateSource("spark/partials/category.ftl"): Found
[DEBUG] 2020-10-20 08:06:30,937 freemarker.cache – Loading template for "spark/partials/category.ftl"("en_IN", UTF-8, parsed) from "jar:file:/C:/Users/sreen/.m2/repository/com/aventstack/extentreports/5.0.4/extentreports-5.0.4.jar!/com/aventstack/extentreports/templates/spark/partials/category.ftl"
[DEBUG] 2020-10-20 08:06:30,967 freemarker.cache – Couldn't find template in cache for "spark/partials/device.ftl"("en_IN", UTF-8, parsed); will try to load it.
[DEBUG] 2020-10-20 08:06:30,968 freemarker.cache – TemplateLoader.findTemplateSource("spark/partials/device_en_IN.ftl"): Not found
[DEBUG] 2020-10-20 08:06:30,969 freemarker.cache – TemplateLoader.findTemplateSource("spark/partials/device_en.ftl"): Not found
[DEBUG] 2020-10-20 08:06:30,971 freemarker.cache – TemplateLoader.findTemplateSource("spark/partials/device.ftl"): Found
[DEBUG] 2020-10-20 08:06:30,971 freemarker.cache – Loading template for "spark/partials/device.ftl"("en_IN", UTF-8, parsed) from "jar:file:/C:/Users/sreen/.m2/repository/com/aventstack/extentreports/5.0.4/extentreports-5.0.4.jar!/com/aventstack/extentreports/templates/spark/partials/device.ftl"
[DEBUG] 2020-10-20 08:06:30,972 freemarker.cache – Couldn't find template in cache for "spark/partials/author.ftl"("en_IN", UTF-8, parsed); will try to load it.
[DEBUG] 2020-10-20 08:06:30,975 freemarker.cache – TemplateLoader.findTemplateSource("spark/partials/author_en_IN.ftl"): Not found
[DEBUG] 2020-10-20 08:06:30,975 freemarker.cache – TemplateLoader.findTemplateSource("spark/partials/author_en.ftl"): Not found
[DEBUG] 2020-10-20 08:06:30,976 freemarker.cache – TemplateLoader.findTemplateSource("spark/partials/author.ftl"): Found
[DEBUG] 2020-10-20 08:06:30,977 freemarker.cache – Loading template for "spark/partials/author.ftl"("en_IN", UTF-8, parsed) from "jar:file:/C:/Users/sreen/.m2/repository/com/aventstack/extentreports/5.0.4/extentreports-5.0.4.jar!/com/aventstack/extentreports/templates/spark/partials/author.ftl"
[DEBUG] 2020-10-20 08:06:30,979 freemarker.cache – Couldn't find template in cache for "spark/partials/log.ftl"("en_IN", UTF-8, parsed); will try to load it.
[DEBUG] 2020-10-20 08:06:30,980 freemarker.cache – TemplateLoader.findTemplateSource("spark/partials/log_en_IN.ftl"): Not found
[DEBUG] 2020-10-20 08:06:30,980 freemarker.cache – TemplateLoader.findTemplateSource("spark/partials/log_en.ftl"): Not found
[DEBUG] 2020-10-20 08:06:30,981 freemarker.cache – TemplateLoader.findTemplateSource("spark/partials/log.ftl"): Found
[DEBUG] 2020-10-20 08:06:30,982 freemarker.cache – Loading template for "spark/partials/log.ftl"("en_IN", UTF-8, parsed) from "jar:file:/C:/Users/sreen/.m2/repository/com/aventstack/extentreports/5.0.4/extentreports-5.0.4.jar!/com/aventstack/extentreports/templates/spark/partials/log.ftl"
[DEBUG] 2020-10-20 08:06:30,984 freemarker.cache – Couldn't find template in cache for "spark/partials/dashboard.ftl"("en_IN", UTF-8, parsed); will try to load it.
[DEBUG] 2020-10-20 08:06:30,984 freemarker.cache – TemplateLoader.findTemplateSource("spark/partials/dashboard_en_IN.ftl"): Not found
[DEBUG] 2020-10-20 08:06:30,985 freemarker.cache – TemplateLoader.findTemplateSource("spark/partials/dashboard_en.ftl"): Not found
[DEBUG] 2020-10-20 08:06:30,986 freemarker.cache – TemplateLoader.findTemplateSource("spark/partials/dashboard.ftl"): Found
[DEBUG] 2020-10-20 08:06:30,986 freemarker.cache – Loading template for "spark/partials/dashboard.ftl"("en_IN", UTF-8, parsed) from "jar:file:/C:/Users/sreen/.m2/repository/com/aventstack/extentreports/5.0.4/extentreports-5.0.4.jar!/com/aventstack/extentreports/templates/spark/partials/dashboard.ftl"
[DEBUG] 2020-10-20 08:06:31,215 freemarker.cache – Couldn't find template in cache for "spark/partials/scripts.ftl"("en_IN", UTF-8, parsed); will try to load it.
[DEBUG] 2020-10-20 08:06:31,235 freemarker.cache – TemplateLoader.findTemplateSource("spark/partials/scripts_en_IN.ftl"): Not found
[DEBUG] 2020-10-20 08:06:31,236 freemarker.cache – TemplateLoader.findTemplateSource("spark/partials/scripts_en.ftl"): Not found
[DEBUG] 2020-10-20 08:06:31,239 freemarker.cache – TemplateLoader.findTemplateSource("spark/partials/scripts.ftl"): Found
[DEBUG] 2020-10-20 08:06:31,239 freemarker.cache – Loading template for "spark/partials/scripts.ftl"("en_IN", UTF-8, parsed) from "jar:file:/C:/Users/sreen/.m2/repository/com/aventstack/extentreports/5.0.4/extentreports-5.0.4.jar!/com/aventstack/extentreports/templates/spark/partials/scripts.ftl"
[DEBUG] 2020-10-20 08:06:31,241 freemarker.cache – Couldn't find template in cache for "commons/commons-inject-js.ftl"("en_IN", UTF-8, parsed); will try to load it.
[DEBUG] 2020-10-20 08:06:31,243 freemarker.cache – TemplateLoader.findTemplateSource("commons/commons-inject-js_en_IN.ftl"): Not found
[DEBUG] 2020-10-20 08:06:31,244 freemarker.cache – TemplateLoader.findTemplateSource("commons/commons-inject-js_en.ftl"): Not found
[DEBUG] 2020-10-20 08:06:31,245 freemarker.cache – TemplateLoader.findTemplateSource("commons/commons-inject-js.ftl"): Found
[DEBUG] 2020-10-20 08:06:31,246 freemarker.cache – Loading template for "commons/commons-inject-js.ftl"("en_IN", UTF-8, parsed) from "jar:file:/C:/Users/sreen/.m2/repository/com/aventstack/extentreports/5.0.4/extentreports-5.0.4.jar!/com/aventstack/extentreports/templates/commons/commons-inject-js.ftl"
